[debug] [2020-11-04T13:31:35.732Z] ----------------------------------------------------------------------
[debug] [2020-11-04T13:31:35.735Z] Command:       C:\Program Files\nodejs\node.exe C:\Users\bouje\AppData\Roaming\npm\node_modules\firebase-tools\lib\bin\firebase.js init
[debug] [2020-11-04T13:31:35.735Z] CLI Version:   8.2.0
[debug] [2020-11-04T13:31:35.735Z] Platform:      win32
[debug] [2020-11-04T13:31:35.735Z] Node Version:  v12.14.1
[debug] [2020-11-04T13:31:35.737Z] Time:          Wed Nov 04 2020 14:31:35 GMT+0100 (GMT+01:00)
[debug] [2020-11-04T13:31:35.737Z] ----------------------------------------------------------------------
[debug] [2020-11-04T13:31:35.737Z] 
[debug] [2020-11-04T13:31:35.747Z] > command requires scopes: ["email","openid","https://www.googleapis.com/auth/cloudplatformprojects.readonly","https://www.googleapis.com/auth/firebase","https://www.googleapis.com/auth/cloud-platform"]
[debug] [2020-11-04T13:31:35.748Z] > authorizing via signed-in user
[info] 
     ######## #### ########  ######## ########     ###     ######  ########
     ##        ##  ##     ## ##       ##     ##  ##   ##  ##       ##
     ######    ##  ########  ######   ########  #########  ######  ######
     ##        ##  ##    ##  ##       ##     ## ##     ##       ## ##
     ##       #### ##     ## ######## ########  ##     ##  ######  ########

You're about to initialize a Firebase project in this directory:

  C:\Users\bouje\OneDrive\Bureau\TravelAgency-Final\Front-End

Before we get started, keep in mind:

  * You are initializing in an existing Firebase project directory

